<?xml version="1.0" encoding="UTF-8"?>
<!-- Generated by org.testng.reporters.JUnitReportReporter -->
<testsuite hostname="LAPTOP-1D9IH3VE" failures="0" tests="1" name="Basic_Framework.POM_Script" time="35.746" errors="0" timestamp="2023-05-18T20:33:28 IST" skipped="0">
  <testcase classname="Basic_Framework.POM_Script" name="open" time="35.746"/>
  <system-out/>
</testsuite> <!-- Basic_Framework.POM_Script -->
