<?xml version="1.0" encoding="UTF-8"?>
<!-- Generated by org.testng.reporters.JUnitReportReporter -->
<testsuite hostname="LAPTOP-1D9IH3VE" failures="0" tests="2" name="New_Generation.Sample2" time="0.011" errors="0" timestamp="2023-05-20T10:24:59 IST" skipped="0">
  <testcase classname="New_Generation.Sample2" name="data3" time="0.009"/>
  <system-out/>
  <testcase classname="New_Generation.Sample2" name="data4" time="0.002"/>
  <system-out>
    <![CDATA[1]]>
  </system-out>
</testsuite> <!-- New_Generation.Sample2 -->
