<?xml version="1.0" encoding="UTF-8"?>
<!-- Generated by org.testng.reporters.JUnitReportReporter -->
<testsuite hostname="LAPTOP-1D9IH3VE" failures="0" tests="1" name="Basic_Framework.Insta_Runner" time="74.166" errors="0" timestamp="2023-05-19T15:46:28 IST" skipped="0">
  <testcase classname="Basic_Framework.Insta_Runner" name="validLogin" time="74.166"/>
  <system-out/>
</testsuite> <!-- Basic_Framework.Insta_Runner -->
