<?xml version="1.0" encoding="UTF-8"?>
<!-- Generated by org.testng.reporters.JUnitReportReporter -->
<testsuite hostname="LAPTOP-1D9IH3VE" failures="0" tests="2" name="New_Generation.Priorityy" time="0.009" errors="0" timestamp="2023-05-16T10:44:36 IST" skipped="0">
  <testcase classname="New_Generation.Priorityy" name="data2" time="0.008"/>
  <system-out>
    <![CDATA[2]]>
  </system-out>
  <testcase classname="New_Generation.Priorityy" name="data1" time="0.001"/>
  <system-out>
    <![CDATA[1]]>
  </system-out>
</testsuite> <!-- New_Generation.Priorityy -->
