<?xml version="1.0" encoding="UTF-8"?>
<!-- Generated by org.testng.reporters.JUnitReportReporter -->
<testsuite hostname="LAPTOP-1D9IH3VE" failures="0" tests="2" name="New_Generation.Sample1" time="0.007" errors="0" timestamp="2023-05-19T15:30:37 IST" skipped="0">
  <testcase classname="New_Generation.Sample1" name="data2" time="0.001"/>
  <system-out/>
  <testcase classname="New_Generation.Sample1" name="data1" time="0.006"/>
  <system-out/>
</testsuite> <!-- New_Generation.Sample1 -->
