<?xml version="1.0" encoding="UTF-8"?>
<!-- Generated by org.testng.reporters.JUnitReportReporter -->
<testsuite hostname="LAPTOP-1D9IH3VE" failures="0" tests="2" name="New_Generation.Enabled_falsee" time="0.010" errors="0" timestamp="2023-05-16T10:48:47 IST" skipped="1">
  <testcase classname="New_Generation.Enabled_falsee" name="data2" time="0.010"/>
  <system-out>
    <![CDATA[2]]>
  </system-out>
  <testcase classname="New_Generation.Enabled_falsee" name="data1">
    <skipped/>
  </testcase> <!-- data1 -->
  <system-out/>
</testsuite> <!-- New_Generation.Enabled_falsee -->
