<?xml version="1.0" encoding="UTF-8"?>
<!-- Generated by org.testng.reporters.JUnitReportReporter -->
<testsuite hostname="LAPTOP-1D9IH3VE" failures="0" tests="1" name="New_Generation.Assert_Ture" time="15.201" errors="0" timestamp="2023-05-16T15:34:26 IST" skipped="0">
  <testcase classname="New_Generation.Assert_Ture" name="validLogin" time="15.201"/>
  <system-out/>
</testsuite> <!-- New_Generation.Assert_Ture -->
