<?xml version="1.0" encoding="UTF-8"?>
<!-- Generated by org.testng.reporters.JUnitReportReporter -->
<testsuite hostname="LAPTOP-1D9IH3VE" failures="0" tests="1" name="New_Generation.Property_Files" time="0.009" errors="0" timestamp="2023-05-20T12:07:46 IST" skipped="0">
  <testcase classname="New_Generation.Property_Files" name="test1" time="0.009"/>
  <system-out/>
</testsuite> <!-- New_Generation.Property_Files -->
