<?xml version="1.0" encoding="UTF-8"?>
<!-- Generated by org.testng.reporters.JUnitReportReporter -->
<testsuite hostname="LAPTOP-1D9IH3VE" failures="0" tests="1" name="New_Generation.TestScript1" time="11.753" errors="0" timestamp="2023-05-15T15:47:02 IST" skipped="0">
  <testcase classname="New_Generation.TestScript1" name="validLogin" time="11.753"/>
  <system-out/>
</testsuite> <!-- New_Generation.TestScript1 -->
