<?xml version="1.0" encoding="UTF-8"?>
<!-- Generated by org.testng.reporters.JUnitReportReporter -->
<testsuite hostname="LAPTOP-1D9IH3VE" failures="0" tests="1" name="New_Generation.POM_TestScript" time="10.303" errors="0" timestamp="2023-05-17T16:16:55 IST" skipped="0">
  <testcase classname="New_Generation.POM_TestScript" name="validLogin" time="10.303"/>
  <system-out/>
</testsuite> <!-- New_Generation.POM_TestScript -->
