<?xml version="1.0" encoding="UTF-8"?>
<!-- Generated by org.testng.reporters.JUnitReportReporter -->
<testsuite hostname="LAPTOP-1D9IH3VE" failures="0" tests="1" name="New_Generation.Assert_Verificaton" time="8.764" errors="0" timestamp="2023-05-16T15:24:00 IST" skipped="0">
  <testcase classname="New_Generation.Assert_Verificaton" name="validLogin" time="8.764"/>
  <system-out/>
</testsuite> <!-- New_Generation.Assert_Verificaton -->
