<?xml version="1.0" encoding="UTF-8"?>
<!-- Generated by org.testng.reporters.JUnitReportReporter -->
<testsuite hostname="LAPTOP-1D9IH3VE" failures="0" tests="1" name="New_Generation.Facebook_Runnerclass" time="5.743" errors="0" timestamp="2023-05-17T14:21:25 IST" skipped="0">
  <testcase classname="New_Generation.Facebook_Runnerclass" name="validLogin" time="5.743"/>
  <system-out/>
</testsuite> <!-- New_Generation.Facebook_Runnerclass -->
