<?xml version="1.0" encoding="UTF-8"?>
<!-- Generated by org.testng.reporters.JUnitReportReporter -->
<testsuite hostname="LAPTOP-1D9IH3VE" failures="0" tests="2" name="New_Generation.ParallelExecution" time="8.191" errors="0" timestamp="2023-05-20T11:59:00 IST" skipped="0">
  <testcase classname="New_Generation.ParallelExecution" name="test1" time="2.959"/>
  <system-out/>
  <testcase classname="New_Generation.ParallelExecution" name="test1" time="5.232"/>
  <system-out/>
</testsuite> <!-- New_Generation.ParallelExecution -->
