<?xml version="1.0" encoding="UTF-8"?>
<!-- Generated by org.testng.reporters.JUnitReportReporter -->
<testsuite hostname="LAPTOP-1D9IH3VE" failures="0" tests="4" name="New_Generation.Invocation_Counttt" time="0.016" errors="0" timestamp="2023-05-16T10:47:04 IST" skipped="0">
  <testcase classname="New_Generation.Invocation_Counttt" name="data2" time="0.013"/>
  <system-out>
    <![CDATA[2]]>
  </system-out>
  <testcase classname="New_Generation.Invocation_Counttt" name="data1" time="0.001"/>
  <system-out>
    <![CDATA[1]]>
  </system-out>
  <testcase classname="New_Generation.Invocation_Counttt" name="data1" time="0.001"/>
  <system-out>
    <![CDATA[1]]>
  </system-out>
  <testcase classname="New_Generation.Invocation_Counttt" name="data1" time="0.001"/>
  <system-out>
    <![CDATA[1]]>
  </system-out>
</testsuite> <!-- New_Generation.Invocation_Counttt -->
